{"contracts\\Bridge.sol":{"l":{"23":96,"24":96,"68":2,"69":1,"71":1,"75":13,"76":1,"77":12,"81":59,"82":51,"86":32,"87":27,"105":1,"115":1,"117":1,"139":3,"141":2,"165":11,"166":1,"169":10,"170":1,"173":9,"174":9,"175":9,"176":9,"177":9,"180":9,"182":9,"202":4,"203":1,"206":3,"207":3,"208":1,"211":2,"212":2,"213":1,"216":1,"218":1,"232":4,"233":1,"236":3,"237":3,"238":1,"241":2,"242":2,"243":1,"246":1,"248":1,"268":1,"270":1,"280":1,"281":1},"path":"E:\\Wasserstoff-Task-1\\contracts\\Bridge.sol","s":{"1":96,"2":2,"3":13,"4":59,"5":32,"6":1,"7":1,"8":1,"9":3,"10":2,"11":11,"12":10,"13":9,"14":9,"15":9,"16":9,"17":9,"18":4,"19":3,"20":3,"21":2,"22":2,"23":1,"24":1,"25":4,"26":3,"27":3,"28":2,"29":2,"30":1,"31":1,"32":1,"33":1,"34":1},"b":{"1":[1,1],"2":[1,12],"3":[8,51],"4":[5,27],"5":[1,0],"6":[1,0],"7":[1,0],"8":[5,1],"9":[4,1],"10":[3,1],"11":[14,1],"12":[13,1],"13":[12,1],"14":[11,1],"15":[1,10],"16":[1,9],"17":[9,0],"18":[5,1],"19":[4,1],"20":[1,3],"21":[1,2],"22":[1,1],"23":[5,1],"24":[4,1],"25":[1,3],"26":[1,2],"27":[1,1],"28":[3,1],"29":[2,1],"30":[1,1],"31":[1,0],"32":[1,1]},"f":{"1":96,"2":2,"3":13,"4":59,"5":32,"6":1,"7":3,"8":11,"9":4,"10":4,"11":1,"12":1},"fnMap":{"1":{"name":"constructor","line":22,"loc":{"start":{"line":22,"column":4},"end":{"line":25,"column":4}}},"2":{"name":"onlyAdmin","line":67,"loc":{"start":{"line":67,"column":4},"end":{"line":72,"column":4}}},"3":{"name":"onlyAllowed","line":74,"loc":{"start":{"line":74,"column":4},"end":{"line":78,"column":4}}},"4":{"name":"onlyValidAddress","line":80,"loc":{"start":{"line":80,"column":4},"end":{"line":83,"column":4}}},"5":{"name":"onlyValidAmount","line":85,"loc":{"start":{"line":85,"column":4},"end":{"line":88,"column":4}}},"6":{"name":"initiateTransferWithPermit","line":103,"loc":{"start":{"line":90,"column":4},"end":{"line":126,"column":4}}},"7":{"name":"initiateTransfer","line":137,"loc":{"start":{"line":128,"column":4},"end":{"line":150,"column":4}}},"8":{"name":"mintToken","line":163,"loc":{"start":{"line":152,"column":4},"end":{"line":191,"column":4}}},"9":{"name":"burnWrappedTokenWithPermit","line":201,"loc":{"start":{"line":193,"column":4},"end":{"line":225,"column":4}}},"10":{"name":"burnWrappedToken","line":231,"loc":{"start":{"line":227,"column":4},"end":{"line":255,"column":4}}},"11":{"name":"unWrapToken","line":266,"loc":{"start":{"line":257,"column":4},"end":{"line":277,"column":4}}},"12":{"name":"setFee","line":279,"loc":{"start":{"line":279,"column":4},"end":{"line":282,"column":4}}}},"statementMap":{"1":{"start":{"line":23,"column":8},"end":{"line":23,"column":49}},"2":{"start":{"line":68,"column":8},"end":{"line":68,"column":1804}},"3":{"start":{"line":75,"column":8},"end":{"line":75,"column":2024}},"4":{"start":{"line":81,"column":8},"end":{"line":81,"column":72}},"5":{"start":{"line":86,"column":8},"end":{"line":86,"column":60}},"6":{"start":{"line":105,"column":8},"end":{"line":105,"column":2765}},"7":{"start":{"line":115,"column":8},"end":{"line":115,"column":72}},"8":{"start":{"line":117,"column":8},"end":{"line":117,"column":3047}},"9":{"start":{"line":139,"column":8},"end":{"line":139,"column":72}},"10":{"start":{"line":141,"column":8},"end":{"line":141,"column":3639}},"11":{"start":{"line":165,"column":8},"end":{"line":165,"column":4196}},"12":{"start":{"line":169,"column":8},"end":{"line":169,"column":4323}},"13":{"start":{"line":173,"column":8},"end":{"line":173,"column":63}},"14":{"start":{"line":174,"column":8},"end":{"line":174,"column":55}},"15":{"start":{"line":175,"column":8},"end":{"line":175,"column":4575}},"16":{"start":{"line":180,"column":8},"end":{"line":180,"column":46}},"17":{"start":{"line":182,"column":8},"end":{"line":182,"column":4801}},"18":{"start":{"line":202,"column":8},"end":{"line":202,"column":5296}},"19":{"start":{"line":206,"column":8},"end":{"line":206,"column":51}},"20":{"start":{"line":207,"column":8},"end":{"line":207,"column":5477}},"21":{"start":{"line":211,"column":8},"end":{"line":211,"column":68}},"22":{"start":{"line":212,"column":8},"end":{"line":212,"column":5651}},"23":{"start":{"line":216,"column":8},"end":{"line":216,"column":76}},"24":{"start":{"line":218,"column":8},"end":{"line":218,"column":5836}},"25":{"start":{"line":232,"column":8},"end":{"line":232,"column":6183}},"26":{"start":{"line":236,"column":8},"end":{"line":236,"column":51}},"27":{"start":{"line":237,"column":8},"end":{"line":237,"column":6364}},"28":{"start":{"line":241,"column":8},"end":{"line":241,"column":68}},"29":{"start":{"line":242,"column":8},"end":{"line":242,"column":6538}},"30":{"start":{"line":246,"column":8},"end":{"line":246,"column":43}},"31":{"start":{"line":248,"column":8},"end":{"line":248,"column":6690}},"32":{"start":{"line":268,"column":8},"end":{"line":268,"column":57}},"33":{"start":{"line":270,"column":8},"end":{"line":270,"column":7198}},"34":{"start":{"line":281,"column":8},"end":{"line":281,"column":29}}},"branchMap":{"1":{"line":68,"type":"if","locations":[{"start":{"line":68,"column":8},"end":{"line":68,"column":8}},{"start":{"line":68,"column":8},"end":{"line":68,"column":8}}]},"2":{"line":75,"type":"if","locations":[{"start":{"line":75,"column":8},"end":{"line":75,"column":8}},{"start":{"line":75,"column":8},"end":{"line":75,"column":8}}]},"3":{"line":81,"type":"if","locations":[{"start":{"line":81,"column":8},"end":{"line":81,"column":8}},{"start":{"line":81,"column":8},"end":{"line":81,"column":8}}]},"4":{"line":86,"type":"if","locations":[{"start":{"line":86,"column":8},"end":{"line":86,"column":8}},{"start":{"line":86,"column":8},"end":{"line":86,"column":8}}]},"5":{"line":101,"type":"if","locations":[{"start":{"line":101,"column":8},"end":{"line":101,"column":8}},{"start":{"line":101,"column":8},"end":{"line":101,"column":8}}]},"6":{"line":102,"type":"if","locations":[{"start":{"line":102,"column":8},"end":{"line":102,"column":8}},{"start":{"line":102,"column":8},"end":{"line":102,"column":8}}]},"7":{"line":103,"type":"if","locations":[{"start":{"line":103,"column":8},"end":{"line":103,"column":8}},{"start":{"line":103,"column":8},"end":{"line":103,"column":8}}]},"8":{"line":135,"type":"if","locations":[{"start":{"line":135,"column":8},"end":{"line":135,"column":8}},{"start":{"line":135,"column":8},"end":{"line":135,"column":8}}]},"9":{"line":136,"type":"if","locations":[{"start":{"line":136,"column":8},"end":{"line":136,"column":8}},{"start":{"line":136,"column":8},"end":{"line":136,"column":8}}]},"10":{"line":137,"type":"if","locations":[{"start":{"line":137,"column":8},"end":{"line":137,"column":8}},{"start":{"line":137,"column":8},"end":{"line":137,"column":8}}]},"11":{"line":160,"type":"if","locations":[{"start":{"line":160,"column":8},"end":{"line":160,"column":8}},{"start":{"line":160,"column":8},"end":{"line":160,"column":8}}]},"12":{"line":161,"type":"if","locations":[{"start":{"line":161,"column":8},"end":{"line":161,"column":8}},{"start":{"line":161,"column":8},"end":{"line":161,"column":8}}]},"13":{"line":162,"type":"if","locations":[{"start":{"line":162,"column":8},"end":{"line":162,"column":8}},{"start":{"line":162,"column":8},"end":{"line":162,"column":8}}]},"14":{"line":163,"type":"if","locations":[{"start":{"line":163,"column":8},"end":{"line":163,"column":8}},{"start":{"line":163,"column":8},"end":{"line":163,"column":8}}]},"15":{"line":165,"type":"if","locations":[{"start":{"line":165,"column":8},"end":{"line":165,"column":8}},{"start":{"line":165,"column":8},"end":{"line":165,"column":8}}]},"16":{"line":169,"type":"if","locations":[{"start":{"line":169,"column":8},"end":{"line":169,"column":8}},{"start":{"line":169,"column":8},"end":{"line":169,"column":8}}]},"17":{"line":175,"type":"if","locations":[{"start":{"line":175,"column":8},"end":{"line":175,"column":8}},{"start":{"line":175,"column":8},"end":{"line":175,"column":8}}]},"18":{"line":201,"type":"if","locations":[{"start":{"line":201,"column":15},"end":{"line":201,"column":15}},{"start":{"line":201,"column":15},"end":{"line":201,"column":15}}]},"19":{"line":201,"type":"if","locations":[{"start":{"line":201,"column":40},"end":{"line":201,"column":40}},{"start":{"line":201,"column":40},"end":{"line":201,"column":40}}]},"20":{"line":202,"type":"if","locations":[{"start":{"line":202,"column":8},"end":{"line":202,"column":8}},{"start":{"line":202,"column":8},"end":{"line":202,"column":8}}]},"21":{"line":207,"type":"if","locations":[{"start":{"line":207,"column":8},"end":{"line":207,"column":8}},{"start":{"line":207,"column":8},"end":{"line":207,"column":8}}]},"22":{"line":212,"type":"if","locations":[{"start":{"line":212,"column":8},"end":{"line":212,"column":8}},{"start":{"line":212,"column":8},"end":{"line":212,"column":8}}]},"23":{"line":231,"type":"if","locations":[{"start":{"line":231,"column":15},"end":{"line":231,"column":15}},{"start":{"line":231,"column":15},"end":{"line":231,"column":15}}]},"24":{"line":231,"type":"if","locations":[{"start":{"line":231,"column":40},"end":{"line":231,"column":40}},{"start":{"line":231,"column":40},"end":{"line":231,"column":40}}]},"25":{"line":232,"type":"if","locations":[{"start":{"line":232,"column":8},"end":{"line":232,"column":8}},{"start":{"line":232,"column":8},"end":{"line":232,"column":8}}]},"26":{"line":237,"type":"if","locations":[{"start":{"line":237,"column":8},"end":{"line":237,"column":8}},{"start":{"line":237,"column":8},"end":{"line":237,"column":8}}]},"27":{"line":242,"type":"if","locations":[{"start":{"line":242,"column":8},"end":{"line":242,"column":8}},{"start":{"line":242,"column":8},"end":{"line":242,"column":8}}]},"28":{"line":263,"type":"if","locations":[{"start":{"line":263,"column":8},"end":{"line":263,"column":8}},{"start":{"line":263,"column":8},"end":{"line":263,"column":8}}]},"29":{"line":264,"type":"if","locations":[{"start":{"line":264,"column":8},"end":{"line":264,"column":8}},{"start":{"line":264,"column":8},"end":{"line":264,"column":8}}]},"30":{"line":265,"type":"if","locations":[{"start":{"line":265,"column":8},"end":{"line":265,"column":8}},{"start":{"line":265,"column":8},"end":{"line":265,"column":8}}]},"31":{"line":266,"type":"if","locations":[{"start":{"line":266,"column":8},"end":{"line":266,"column":8}},{"start":{"line":266,"column":8},"end":{"line":266,"column":8}}]},"32":{"line":279,"type":"if","locations":[{"start":{"line":279,"column":43},"end":{"line":279,"column":43}},{"start":{"line":279,"column":43},"end":{"line":279,"column":43}}]}}},"contracts\\WERC20.sol":{"l":{"16":19},"path":"E:\\Wasserstoff-Task-1\\contracts\\WERC20.sol","s":{"1":19},"b":{"1":[19,1]},"f":{"1":69,"2":19},"fnMap":{"1":{"name":"constructor","line":12,"loc":{"start":{"line":10,"column":4},"end":{"line":13,"column":5}}},"2":{"name":"mint","line":15,"loc":{"start":{"line":15,"column":4},"end":{"line":17,"column":4}}}},"statementMap":{"1":{"start":{"line":16,"column":8},"end":{"line":16,"column":24}}},"branchMap":{"1":{"line":15,"type":"if","locations":[{"start":{"line":15,"column":53},"end":{"line":15,"column":53}},{"start":{"line":15,"column":53},"end":{"line":15,"column":53}}]}}},"contracts\\WERC20Factory.sol":{"l":{"24":209,"25":4,"27":205,"31":69,"32":1,"34":68,"38":40,"39":3,"41":37,"45":24,"46":2,"48":22,"58":68,"59":1,"60":67,"61":67,"62":67,"63":67,"72":105,"88":19,"89":19,"90":1,"92":18,"93":18,"104":7,"105":7,"106":1,"107":6,"123":2,"124":2,"144":1,"154":1,"155":1,"165":4,"166":4,"167":1,"169":3},"path":"E:\\Wasserstoff-Task-1\\contracts\\WERC20Factory.sol","s":{"1":209,"2":69,"3":40,"4":24,"5":68,"6":67,"7":67,"8":67,"9":105,"10":19,"11":19,"12":18,"13":18,"14":7,"15":7,"16":6,"17":2,"18":2,"19":1,"20":1,"21":1,"22":4,"23":4,"24":3},"b":{"1":[4,205],"2":[1,68],"3":[3,37],"4":[2,22],"5":[70,0],"6":[69,1],"7":[68,1],"8":[1,67],"9":[105,0],"10":[22,1],"11":[21,1],"12":[20,1],"13":[19,1],"14":[1,18],"15":[7,1],"16":[7,0],"17":[1,6],"18":[5,1],"19":[4,1],"20":[3,1],"21":[2,1],"22":[1,0],"23":[1,0],"24":[1,0],"25":[1,0],"26":[4,1],"27":[1,3]},"f":{"1":209,"2":69,"3":40,"4":24,"5":68,"6":105,"7":19,"8":7,"9":2,"10":1,"11":4},"fnMap":{"1":{"name":"onlyValidSymbol","line":23,"loc":{"start":{"line":23,"column":4},"end":{"line":28,"column":4}}},"2":{"name":"onlyValidName","line":30,"loc":{"start":{"line":30,"column":4},"end":{"line":35,"column":4}}},"3":{"name":"onlyValidAddress","line":37,"loc":{"start":{"line":37,"column":4},"end":{"line":42,"column":4}}},"4":{"name":"onlyValidAmount","line":44,"loc":{"start":{"line":44,"column":4},"end":{"line":49,"column":4}}},"5":{"name":"createWERC20","line":55,"loc":{"start":{"line":51,"column":4},"end":{"line":64,"column":4}}},"6":{"name":"getWERC20","line":69,"loc":{"start":{"line":66,"column":4},"end":{"line":73,"column":4}}},"7":{"name":"mint","line":85,"loc":{"start":{"line":76,"column":4},"end":{"line":94,"column":4}}},"8":{"name":"balanceOf","line":101,"loc":{"start":{"line":97,"column":4},"end":{"line":108,"column":4}}},"9":{"name":"burn","line":120,"loc":{"start":{"line":111,"column":4},"end":{"line":125,"column":4}}},"10":{"name":"burnWithPermit","line":141,"loc":{"start":{"line":128,"column":4},"end":{"line":156,"column":4}}},"11":{"name":"myBalanceOf","line":162,"loc":{"start":{"line":159,"column":4},"end":{"line":170,"column":4}}}},"statementMap":{"1":{"start":{"line":24,"column":8},"end":{"line":24,"column":712}},"2":{"start":{"line":31,"column":8},"end":{"line":31,"column":909}},"3":{"start":{"line":38,"column":8},"end":{"line":38,"column":1099}},"4":{"start":{"line":45,"column":8},"end":{"line":45,"column":1274}},"5":{"start":{"line":58,"column":8},"end":{"line":58,"column":1648}},"6":{"start":{"line":60,"column":8},"end":{"line":60,"column":66}},"7":{"start":{"line":62,"column":8},"end":{"line":62,"column":46}},"8":{"start":{"line":63,"column":8},"end":{"line":63,"column":21}},"9":{"start":{"line":72,"column":8},"end":{"line":72,"column":31}},"10":{"start":{"line":88,"column":8},"end":{"line":88,"column":43}},"11":{"start":{"line":89,"column":8},"end":{"line":89,"column":2472}},"12":{"start":{"line":92,"column":8},"end":{"line":92,"column":46}},"13":{"start":{"line":93,"column":8},"end":{"line":93,"column":19}},"14":{"start":{"line":104,"column":8},"end":{"line":104,"column":43}},"15":{"start":{"line":105,"column":8},"end":{"line":105,"column":2920}},"16":{"start":{"line":107,"column":8},"end":{"line":107,"column":55}},"17":{"start":{"line":123,"column":8},"end":{"line":123,"column":59}},"18":{"start":{"line":124,"column":8},"end":{"line":124,"column":19}},"19":{"start":{"line":144,"column":8},"end":{"line":144,"column":3850}},"20":{"start":{"line":154,"column":8},"end":{"line":154,"column":59}},"21":{"start":{"line":155,"column":8},"end":{"line":155,"column":19}},"22":{"start":{"line":165,"column":8},"end":{"line":165,"column":43}},"23":{"start":{"line":166,"column":8},"end":{"line":166,"column":4417}},"24":{"start":{"line":169,"column":8},"end":{"line":169,"column":57}}},"branchMap":{"1":{"line":24,"type":"if","locations":[{"start":{"line":24,"column":8},"end":{"line":24,"column":8}},{"start":{"line":24,"column":8},"end":{"line":24,"column":8}}]},"2":{"line":31,"type":"if","locations":[{"start":{"line":31,"column":8},"end":{"line":31,"column":8}},{"start":{"line":31,"column":8},"end":{"line":31,"column":8}}]},"3":{"line":38,"type":"if","locations":[{"start":{"line":38,"column":8},"end":{"line":38,"column":8}},{"start":{"line":38,"column":8},"end":{"line":38,"column":8}}]},"4":{"line":45,"type":"if","locations":[{"start":{"line":45,"column":8},"end":{"line":45,"column":8}},{"start":{"line":45,"column":8},"end":{"line":45,"column":8}}]},"5":{"line":53,"type":"if","locations":[{"start":{"line":53,"column":8},"end":{"line":53,"column":8}},{"start":{"line":53,"column":8},"end":{"line":53,"column":8}}]},"6":{"line":54,"type":"if","locations":[{"start":{"line":54,"column":8},"end":{"line":54,"column":8}},{"start":{"line":54,"column":8},"end":{"line":54,"column":8}}]},"7":{"line":55,"type":"if","locations":[{"start":{"line":55,"column":8},"end":{"line":55,"column":8}},{"start":{"line":55,"column":8},"end":{"line":55,"column":8}}]},"8":{"line":58,"type":"if","locations":[{"start":{"line":58,"column":8},"end":{"line":58,"column":8}},{"start":{"line":58,"column":8},"end":{"line":58,"column":8}}]},"9":{"line":69,"type":"if","locations":[{"start":{"line":69,"column":8},"end":{"line":69,"column":8}},{"start":{"line":69,"column":8},"end":{"line":69,"column":8}}]},"10":{"line":82,"type":"if","locations":[{"start":{"line":82,"column":8},"end":{"line":82,"column":8}},{"start":{"line":82,"column":8},"end":{"line":82,"column":8}}]},"11":{"line":83,"type":"if","locations":[{"start":{"line":83,"column":8},"end":{"line":83,"column":8}},{"start":{"line":83,"column":8},"end":{"line":83,"column":8}}]},"12":{"line":84,"type":"if","locations":[{"start":{"line":84,"column":8},"end":{"line":84,"column":8}},{"start":{"line":84,"column":8},"end":{"line":84,"column":8}}]},"13":{"line":85,"type":"if","locations":[{"start":{"line":85,"column":8},"end":{"line":85,"column":8}},{"start":{"line":85,"column":8},"end":{"line":85,"column":8}}]},"14":{"line":89,"type":"if","locations":[{"start":{"line":89,"column":8},"end":{"line":89,"column":8}},{"start":{"line":89,"column":8},"end":{"line":89,"column":8}}]},"15":{"line":100,"type":"if","locations":[{"start":{"line":100,"column":8},"end":{"line":100,"column":8}},{"start":{"line":100,"column":8},"end":{"line":100,"column":8}}]},"16":{"line":101,"type":"if","locations":[{"start":{"line":101,"column":8},"end":{"line":101,"column":8}},{"start":{"line":101,"column":8},"end":{"line":101,"column":8}}]},"17":{"line":105,"type":"if","locations":[{"start":{"line":105,"column":8},"end":{"line":105,"column":8}},{"start":{"line":105,"column":8},"end":{"line":105,"column":8}}]},"18":{"line":117,"type":"if","locations":[{"start":{"line":117,"column":8},"end":{"line":117,"column":8}},{"start":{"line":117,"column":8},"end":{"line":117,"column":8}}]},"19":{"line":118,"type":"if","locations":[{"start":{"line":118,"column":8},"end":{"line":118,"column":8}},{"start":{"line":118,"column":8},"end":{"line":118,"column":8}}]},"20":{"line":119,"type":"if","locations":[{"start":{"line":119,"column":8},"end":{"line":119,"column":8}},{"start":{"line":119,"column":8},"end":{"line":119,"column":8}}]},"21":{"line":120,"type":"if","locations":[{"start":{"line":120,"column":8},"end":{"line":120,"column":8}},{"start":{"line":120,"column":8},"end":{"line":120,"column":8}}]},"22":{"line":138,"type":"if","locations":[{"start":{"line":138,"column":8},"end":{"line":138,"column":8}},{"start":{"line":138,"column":8},"end":{"line":138,"column":8}}]},"23":{"line":139,"type":"if","locations":[{"start":{"line":139,"column":8},"end":{"line":139,"column":8}},{"start":{"line":139,"column":8},"end":{"line":139,"column":8}}]},"24":{"line":140,"type":"if","locations":[{"start":{"line":140,"column":8},"end":{"line":140,"column":8}},{"start":{"line":140,"column":8},"end":{"line":140,"column":8}}]},"25":{"line":141,"type":"if","locations":[{"start":{"line":141,"column":8},"end":{"line":141,"column":8}},{"start":{"line":141,"column":8},"end":{"line":141,"column":8}}]},"26":{"line":162,"type":"if","locations":[{"start":{"line":162,"column":8},"end":{"line":162,"column":8}},{"start":{"line":162,"column":8},"end":{"line":162,"column":8}}]},"27":{"line":166,"type":"if","locations":[{"start":{"line":166,"column":8},"end":{"line":166,"column":8}},{"start":{"line":166,"column":8},"end":{"line":166,"column":8}}]}}}}