TN:
SF:E:\Wasserstoff-Task-1\contracts\Bridge.sol
FN:22,constructor
FN:67,onlyAdmin
FN:74,onlyAllowed
FN:80,onlyValidAddress
FN:85,onlyValidAmount
FN:103,initiateTransferWithPermit
FN:137,initiateTransfer
FN:163,mintToken
FN:201,burnWrappedTokenWithPermit
FN:231,burnWrappedToken
FN:266,unWrapToken
FN:279,setFee
FNF:12
FNH:12
FNDA:96,constructor
FNDA:2,onlyAdmin
FNDA:13,onlyAllowed
FNDA:59,onlyValidAddress
FNDA:32,onlyValidAmount
FNDA:1,initiateTransferWithPermit
FNDA:3,initiateTransfer
FNDA:11,mintToken
FNDA:4,burnWrappedTokenWithPermit
FNDA:4,burnWrappedToken
FNDA:1,unWrapToken
FNDA:1,setFee
DA:23,96
DA:24,96
DA:68,2
DA:69,1
DA:71,1
DA:75,13
DA:76,1
DA:77,12
DA:81,59
DA:82,51
DA:86,32
DA:87,27
DA:105,1
DA:115,1
DA:117,1
DA:139,3
DA:141,2
DA:165,11
DA:166,1
DA:169,10
DA:170,1
DA:173,9
DA:174,9
DA:175,9
DA:176,9
DA:177,9
DA:180,9
DA:182,9
DA:202,4
DA:203,1
DA:206,3
DA:207,3
DA:208,1
DA:211,2
DA:212,2
DA:213,1
DA:216,1
DA:218,1
DA:232,4
DA:233,1
DA:236,3
DA:237,3
DA:238,1
DA:241,2
DA:242,2
DA:243,1
DA:246,1
DA:248,1
DA:268,1
DA:270,1
DA:280,1
DA:281,1
LF:52
LH:52
BRDA:68,1,0,1
BRDA:68,1,1,1
BRDA:75,2,0,1
BRDA:75,2,1,12
BRDA:81,3,0,8
BRDA:81,3,1,51
BRDA:86,4,0,5
BRDA:86,4,1,27
BRDA:101,5,0,1
BRDA:101,5,1,0
BRDA:102,6,0,1
BRDA:102,6,1,0
BRDA:103,7,0,1
BRDA:103,7,1,0
BRDA:135,8,0,5
BRDA:135,8,1,1
BRDA:136,9,0,4
BRDA:136,9,1,1
BRDA:137,10,0,3
BRDA:137,10,1,1
BRDA:160,11,0,14
BRDA:160,11,1,1
BRDA:161,12,0,13
BRDA:161,12,1,1
BRDA:162,13,0,12
BRDA:162,13,1,1
BRDA:163,14,0,11
BRDA:163,14,1,1
BRDA:165,15,0,1
BRDA:165,15,1,10
BRDA:169,16,0,1
BRDA:169,16,1,9
BRDA:175,17,0,9
BRDA:175,17,1,0
BRDA:201,18,0,5
BRDA:201,18,1,1
BRDA:201,19,0,4
BRDA:201,19,1,1
BRDA:202,20,0,1
BRDA:202,20,1,3
BRDA:207,21,0,1
BRDA:207,21,1,2
BRDA:212,22,0,1
BRDA:212,22,1,1
BRDA:231,23,0,5
BRDA:231,23,1,1
BRDA:231,24,0,4
BRDA:231,24,1,1
BRDA:232,25,0,1
BRDA:232,25,1,3
BRDA:237,26,0,1
BRDA:237,26,1,2
BRDA:242,27,0,1
BRDA:242,27,1,1
BRDA:263,28,0,3
BRDA:263,28,1,1
BRDA:264,29,0,2
BRDA:264,29,1,1
BRDA:265,30,0,1
BRDA:265,30,1,1
BRDA:266,31,0,1
BRDA:266,31,1,0
BRDA:279,32,0,1
BRDA:279,32,1,1
BRF:64
BRH:59
end_of_record
TN:
SF:E:\Wasserstoff-Task-1\contracts\WERC20.sol
FN:12,constructor
FN:15,mint
FNF:2
FNH:2
FNDA:69,constructor
FNDA:19,mint
DA:16,19
LF:1
LH:1
BRDA:15,1,0,19
BRDA:15,1,1,1
BRF:2
BRH:2
end_of_record
TN:
SF:E:\Wasserstoff-Task-1\contracts\WERC20Factory.sol
FN:23,onlyValidSymbol
FN:30,onlyValidName
FN:37,onlyValidAddress
FN:44,onlyValidAmount
FN:55,createWERC20
FN:69,getWERC20
FN:85,mint
FN:101,balanceOf
FN:120,burn
FN:141,burnWithPermit
FN:162,myBalanceOf
FNF:11
FNH:11
FNDA:209,onlyValidSymbol
FNDA:69,onlyValidName
FNDA:40,onlyValidAddress
FNDA:24,onlyValidAmount
FNDA:68,createWERC20
FNDA:105,getWERC20
FNDA:19,mint
FNDA:7,balanceOf
FNDA:2,burn
FNDA:1,burnWithPermit
FNDA:4,myBalanceOf
DA:24,209
DA:25,4
DA:27,205
DA:31,69
DA:32,1
DA:34,68
DA:38,40
DA:39,3
DA:41,37
DA:45,24
DA:46,2
DA:48,22
DA:58,68
DA:59,1
DA:60,67
DA:61,67
DA:62,67
DA:63,67
DA:72,105
DA:88,19
DA:89,19
DA:90,1
DA:92,18
DA:93,18
DA:104,7
DA:105,7
DA:106,1
DA:107,6
DA:123,2
DA:124,2
DA:144,1
DA:154,1
DA:155,1
DA:165,4
DA:166,4
DA:167,1
DA:169,3
LF:37
LH:37
BRDA:24,1,0,4
BRDA:24,1,1,205
BRDA:31,2,0,1
BRDA:31,2,1,68
BRDA:38,3,0,3
BRDA:38,3,1,37
BRDA:45,4,0,2
BRDA:45,4,1,22
BRDA:53,5,0,70
BRDA:53,5,1,0
BRDA:54,6,0,69
BRDA:54,6,1,1
BRDA:55,7,0,68
BRDA:55,7,1,1
BRDA:58,8,0,1
BRDA:58,8,1,67
BRDA:69,9,0,105
BRDA:69,9,1,0
BRDA:82,10,0,22
BRDA:82,10,1,1
BRDA:83,11,0,21
BRDA:83,11,1,1
BRDA:84,12,0,20
BRDA:84,12,1,1
BRDA:85,13,0,19
BRDA:85,13,1,1
BRDA:89,14,0,1
BRDA:89,14,1,18
BRDA:100,15,0,7
BRDA:100,15,1,1
BRDA:101,16,0,7
BRDA:101,16,1,0
BRDA:105,17,0,1
BRDA:105,17,1,6
BRDA:117,18,0,5
BRDA:117,18,1,1
BRDA:118,19,0,4
BRDA:118,19,1,1
BRDA:119,20,0,3
BRDA:119,20,1,1
BRDA:120,21,0,2
BRDA:120,21,1,1
BRDA:138,22,0,1
BRDA:138,22,1,0
BRDA:139,23,0,1
BRDA:139,23,1,0
BRDA:140,24,0,1
BRDA:140,24,1,0
BRDA:141,25,0,1
BRDA:141,25,1,0
BRDA:162,26,0,4
BRDA:162,26,1,1
BRDA:166,27,0,1
BRDA:166,27,1,3
BRF:54
BRH:47
end_of_record
